0 info it worked if it ends with ok
1 verbose cli [ '/usr/bin/nodejs',
1 verbose cli   '/home/oscar/.npm-packages/bin/npm',
1 verbose cli   'run',
1 verbose cli   'test' ]
2 info using npm@3.10.6
3 info using node@v4.4.5
4 verbose run-script [ 'pretest', 'test', 'posttest' ]
5 info lifecycle newguitarv2@0.0.0~pretest: newguitarv2@0.0.0
6 silly lifecycle newguitarv2@0.0.0~pretest: no script for pretest, continuing
7 info lifecycle newguitarv2@0.0.0~test: newguitarv2@0.0.0
8 verbose lifecycle newguitarv2@0.0.0~test: unsafe-perm in lifecycle true
9 verbose lifecycle newguitarv2@0.0.0~test: PATH: /home/oscar/.npm-packages/lib/node_modules/npm/bin/node-gyp-bin:/home/oscar/Documents/Web Projects/newGuitarV2/node_modules/.bin:/usr/local/heroku/bin:/home/oscar/.npm-packages/bin:/usr/local/sbin:/usr/local/bin:/usr/sbin:/usr/bin:/sbin:/bin:/usr/games:/usr/local/games:/snap/bin:/home/oscar/.rvm/bin:/home/oscar/.rvm/bin
10 verbose lifecycle newguitarv2@0.0.0~test: CWD: /home/oscar/Documents/Web Projects/newGuitarV2
11 silly lifecycle newguitarv2@0.0.0~test: Args: [ '-c', 'grunt test' ]
12 silly lifecycle newguitarv2@0.0.0~test: Returned: code: 3  signal: null
13 info lifecycle newguitarv2@0.0.0~test: Failed to exec test script
14 verbose stack Error: newguitarv2@0.0.0 test: `grunt test`
14 verbose stack Exit status 3
14 verbose stack     at EventEmitter.<anonymous> (/home/oscar/.npm-packages/lib/node_modules/npm/lib/utils/lifecycle.js:255:16)
14 verbose stack     at emitTwo (events.js:87:13)
14 verbose stack     at EventEmitter.emit (events.js:172:7)
14 verbose stack     at ChildProcess.<anonymous> (/home/oscar/.npm-packages/lib/node_modules/npm/lib/utils/spawn.js:40:14)
14 verbose stack     at emitTwo (events.js:87:13)
14 verbose stack     at ChildProcess.emit (events.js:172:7)
14 verbose stack     at maybeClose (internal/child_process.js:827:16)
14 verbose stack     at Process.ChildProcess._handle.onexit (internal/child_process.js:211:5)
15 verbose pkgid newguitarv2@0.0.0
16 verbose cwd /home/oscar/Documents/Web Projects/newGuitarV2
17 error Linux 4.4.0-43-generic
18 error argv "/usr/bin/nodejs" "/home/oscar/.npm-packages/bin/npm" "run" "test"
19 error node v4.4.5
20 error npm  v3.10.6
21 error code ELIFECYCLE
22 error newguitarv2@0.0.0 test: `grunt test`
22 error Exit status 3
23 error Failed at the newguitarv2@0.0.0 test script 'grunt test'.
23 error Make sure you have the latest version of node.js and npm installed.
23 error If you do, this is most likely a problem with the newguitarv2 package,
23 error not with npm itself.
23 error Tell the author that this fails on your system:
23 error     grunt test
23 error You can get information on how to open an issue for this project with:
23 error     npm bugs newguitarv2
23 error Or if that isn't available, you can get their info via:
23 error     npm owner ls newguitarv2
23 error There is likely additional logging output above.
24 verbose exit [ 1, true ]
